app/build/intermediates/manifest_merge_blame_file/debug/manifest-merger-blame-debug-report.txt
1<?xml version="1.0" encoding="utf-8"?>
2<!--
3 Copyright (c) 2010-2011, The MiCode Open Source Community (www.micode.net)
4
5     Licensed under the Apache License, Version 2.0 (the "License");
6     you may not use this file except in compliance with the License.
7     You may obtain a copy of the License at
8
9          http://www.apache.org/licenses/LICENSE-2.0
10
11     Unless required by applicable law or agreed to in writing, software
12     distributed under the License is distributed on an "AS IS" BASIS,
13     WITHOUT WARRANTIES OR CONDITIONS OF ANY KIND, either express or implied.
14     See the License for the specific language governing permissions and
15     limitations under the License.
16-->
17<manifest xmlns:android="http://schemas.android.com/apk/res/android"
18    package="net.micode.notes"
19    android:versionCode="1"
20    android:versionName="0.1" >
21
22    <uses-sdk
22-->src\main\AndroidManifest.xml:23:5-44
23        android:minSdkVersion="14"
23-->src\main\AndroidManifest.xml:23:15-41
24        android:targetSdkVersion="33" />
25
26    <uses-permission android:name="android.permission.WRITE_EXTERNAL_STORAGE" />
26-->src\main\AndroidManifest.xml:25:5-81
26-->src\main\AndroidManifest.xml:25:22-78
27    <uses-permission android:name="com.android.launcher.permission.INSTALL_SHORTCUT" />
27-->src\main\AndroidManifest.xml:26:5-88
27-->src\main\AndroidManifest.xml:26:22-85
28    <uses-permission android:name="android.permission.INTERNET" />
28-->src\main\AndroidManifest.xml:27:5-67
28-->src\main\AndroidManifest.xml:27:22-64
29    <uses-permission android:name="android.permission.READ_CONTACTS" />
29-->src\main\AndroidManifest.xml:28:5-72
29-->src\main\AndroidManifest.xml:28:22-69
30    <uses-permission android:name="android.permission.MANAGE_ACCOUNTS" />
30-->src\main\AndroidManifest.xml:29:5-74
30-->src\main\AndroidManifest.xml:29:22-71
31    <uses-permission android:name="android.permission.AUTHENTICATE_ACCOUNTS" />
31-->src\main\AndroidManifest.xml:30:5-80
31-->src\main\AndroidManifest.xml:30:22-77
32    <uses-permission android:name="android.permission.GET_ACCOUNTS" />
32-->src\main\AndroidManifest.xml:31:5-71
32-->src\main\AndroidManifest.xml:31:22-68
33    <uses-permission android:name="android.permission.USE_CREDENTIALS" />
33-->src\main\AndroidManifest.xml:32:5-74
33-->src\main\AndroidManifest.xml:32:22-71
34    <uses-permission android:name="android.permission.RECEIVE_BOOT_COMPLETED" />
34-->src\main\AndroidManifest.xml:33:5-81
34-->src\main\AndroidManifest.xml:33:22-78
35
36    <application
36-->src\main\AndroidManifest.xml:35:5-160:19
37        android:debuggable="true"
38        android:extractNativeLibs="true"
39        android:icon="@drawable/icon_app"
39-->src\main\AndroidManifest.xml:36:9-42
40        android:label="@string/app_name"
40-->src\main\AndroidManifest.xml:37:9-41
41        android:testOnly="true" >
42        <activity
42-->src\main\AndroidManifest.xml:38:9-52:20
43            android:name="net.micode.notes.ui.NotesListActivity"
43-->src\main\AndroidManifest.xml:39:13-49
44            android:configChanges="keyboardHidden|orientation|screenSize"
44-->src\main\AndroidManifest.xml:40:13-74
45            android:exported="true"
45-->src\main\AndroidManifest.xml:46:13-36
46            android:label="@string/app_name"
46-->src\main\AndroidManifest.xml:41:13-45
47            android:launchMode="singleTop"
47-->src\main\AndroidManifest.xml:42:13-43
48            android:theme="@style/NoteTheme"
48-->src\main\AndroidManifest.xml:43:13-45
49            android:uiOptions="splitActionBarWhenNarrow"
49-->src\main\AndroidManifest.xml:44:13-57
50            android:windowSoftInputMode="adjustPan" >
50-->src\main\AndroidManifest.xml:45:13-52
51            <intent-filter>
51-->src\main\AndroidManifest.xml:48:13-51:29
52                <action android:name="android.intent.action.MAIN" />
52-->src\main\AndroidManifest.xml:49:17-69
52-->src\main\AndroidManifest.xml:49:25-66
53
54                <category android:name="android.intent.category.LAUNCHER" />
54-->src\main\AndroidManifest.xml:50:17-77
54-->src\main\AndroidManifest.xml:50:27-74
55            </intent-filter>
56        </activity>
57        <activity
57-->src\main\AndroidManifest.xml:54:9-90:20
58            android:name="net.micode.notes.ui.NoteEditActivity"
58-->src\main\AndroidManifest.xml:55:13-48
59            android:configChanges="keyboardHidden|orientation|screenSize"
59-->src\main\AndroidManifest.xml:56:13-74
60            android:exported="true"
60-->src\main\AndroidManifest.xml:59:13-36
61            android:launchMode="singleTop"
61-->src\main\AndroidManifest.xml:57:13-43
62            android:theme="@style/NoteTheme" >
62-->src\main\AndroidManifest.xml:58:13-45
63
64            <!-- <intent-filter> -->
65            <!-- <action android:name="android.intent.action.VIEW" /> -->
66            <!-- <category android:name="android.intent.category.DEFAULT" /> -->
67            <!-- <data android:mimeType="vnd.android.cursor.item/text_note" /> -->
68            <!-- <data android:mimeType="vnd.android.cursor.item/call_note" /> -->
69            <!-- </intent-filter> -->
70            <intent-filter>
70-->src\main\AndroidManifest.xml:67:13-72:29
71                <action android:name="android.intent.action.VIEW" />
71-->src\main\AndroidManifest.xml:68:17-69
71-->src\main\AndroidManifest.xml:68:25-66
72
73                <category android:name="android.intent.category.DEFAULT" />
73-->src\main\AndroidManifest.xml:69:17-76
73-->src\main\AndroidManifest.xml:69:27-73
74
75                <data
75-->src\main\AndroidManifest.xml:70:17-167
76                    android:host="com.example.notes.provider"
76-->src\main\AndroidManifest.xml:70:101-142
77                    android:mimeType="vnd.android.cursor.item/text_note"
77-->src\main\AndroidManifest.xml:70:23-75
78                    android:path="/notes"
78-->src\main\AndroidManifest.xml:70:143-164
79                    android:scheme="content" />
79-->src\main\AndroidManifest.xml:70:76-100
80                <data
80-->src\main\AndroidManifest.xml:70:17-167
81                    android:host="com.example.notes.provider"
81-->src\main\AndroidManifest.xml:70:101-142
82                    android:mimeType="vnd.android.cursor.item/call_note"
82-->src\main\AndroidManifest.xml:70:23-75
83                    android:path="/notes"
83-->src\main\AndroidManifest.xml:70:143-164
84                    android:scheme="content" />
84-->src\main\AndroidManifest.xml:70:76-100
85            </intent-filter>
86            <intent-filter>
86-->src\main\AndroidManifest.xml:75:13-80:29
87                <action android:name="android.intent.action.INSERT_OR_EDIT" />
87-->src\main\AndroidManifest.xml:76:17-79
87-->src\main\AndroidManifest.xml:76:25-76
88
89                <category android:name="android.intent.category.DEFAULT" />
89-->src\main\AndroidManifest.xml:69:17-76
89-->src\main\AndroidManifest.xml:69:27-73
90
91                <data android:mimeType="vnd.android.cursor.item/text_note" />
91-->src\main\AndroidManifest.xml:70:17-167
91-->src\main\AndroidManifest.xml:70:23-75
92                <data android:mimeType="vnd.android.cursor.item/call_note" />
92-->src\main\AndroidManifest.xml:70:17-167
92-->src\main\AndroidManifest.xml:70:23-75
93            </intent-filter>
94            <intent-filter>
94-->src\main\AndroidManifest.xml:82:13-85:29
95                <action android:name="android.intent.action.SEARCH" />
95-->src\main\AndroidManifest.xml:83:17-71
95-->src\main\AndroidManifest.xml:83:25-68
96
97                <category android:name="android.intent.category.DEFAULT" />
97-->src\main\AndroidManifest.xml:69:17-76
97-->src\main\AndroidManifest.xml:69:27-73
98            </intent-filter>
99
100            <meta-data
100-->src\main\AndroidManifest.xml:87:13-89:54
101                android:name="android.app.searchable"
101-->src\main\AndroidManifest.xml:88:17-54
102                android:resource="@xml/searchable" />
102-->src\main\AndroidManifest.xml:89:17-51
103        </activity>
104
105        <provider
105-->src\main\AndroidManifest.xml:92:9-95:43
106            android:name="net.micode.notes.data.NotesProvider"
106-->src\main\AndroidManifest.xml:93:13-63
107            android:authorities="micode_notes"
107-->src\main\AndroidManifest.xml:94:13-47
108            android:multiprocess="true" />
108-->src\main\AndroidManifest.xml:95:13-40
109
110        <receiver
110-->src\main\AndroidManifest.xml:97:9-110:20
111            android:name="net.micode.notes.widget.NoteWidgetProvider_2x"
111-->src\main\AndroidManifest.xml:98:13-57
112            android:exported="false"
112-->src\main\AndroidManifest.xml:100:13-37
113            android:label="@string/app_widget2x2" >
113-->src\main\AndroidManifest.xml:99:13-50
114            <intent-filter>
114-->src\main\AndroidManifest.xml:101:13-105:29
115                <action android:name="android.appwidget.action.APPWIDGET_UPDATE" />
115-->src\main\AndroidManifest.xml:102:17-84
115-->src\main\AndroidManifest.xml:102:25-81
116                <action android:name="android.appwidget.action.APPWIDGET_DELETED" />
116-->src\main\AndroidManifest.xml:103:17-85
116-->src\main\AndroidManifest.xml:103:25-82
117                <action android:name="android.intent.action.PRIVACY_MODE_CHANGED" />
117-->src\main\AndroidManifest.xml:104:17-85
117-->src\main\AndroidManifest.xml:104:25-82
118            </intent-filter>
119
120            <meta-data
120-->src\main\AndroidManifest.xml:107:13-109:58
121                android:name="android.appwidget.provider"
121-->src\main\AndroidManifest.xml:108:17-58
122                android:resource="@xml/widget_2x_info" />
122-->src\main\AndroidManifest.xml:109:17-55
123        </receiver>
124        <receiver
124-->src\main\AndroidManifest.xml:111:9-125:20
125            android:name="net.micode.notes.widget.NoteWidgetProvider_4x"
125-->src\main\AndroidManifest.xml:112:13-57
126            android:exported="false"
126-->src\main\AndroidManifest.xml:114:13-37
127            android:label="@string/app_widget4x4" >
127-->src\main\AndroidManifest.xml:113:13-50
128            <intent-filter>
128-->src\main\AndroidManifest.xml:101:13-105:29
129                <action android:name="android.appwidget.action.APPWIDGET_UPDATE" />
129-->src\main\AndroidManifest.xml:102:17-84
129-->src\main\AndroidManifest.xml:102:25-81
130                <action android:name="android.appwidget.action.APPWIDGET_DELETED" />
130-->src\main\AndroidManifest.xml:103:17-85
130-->src\main\AndroidManifest.xml:103:25-82
131                <action android:name="android.intent.action.PRIVACY_MODE_CHANGED" />
131-->src\main\AndroidManifest.xml:104:17-85
131-->src\main\AndroidManifest.xml:104:25-82
132            </intent-filter>
133
134            <meta-data
134-->src\main\AndroidManifest.xml:107:13-109:58
135                android:name="android.appwidget.provider"
135-->src\main\AndroidManifest.xml:108:17-58
136                android:resource="@xml/widget_4x_info" />
136-->src\main\AndroidManifest.xml:109:17-55
137        </receiver>
138        <receiver
138-->src\main\AndroidManifest.xml:127:9-131:20
139            android:name="net.micode.notes.ui.AlarmInitReceiver"
139-->src\main\AndroidManifest.xml:127:19-55
140            android:exported="false" >
140-->src\main\AndroidManifest.xml:127:56-80
141            <intent-filter>
141-->src\main\AndroidManifest.xml:128:13-130:29
142                <action android:name="android.intent.action.BOOT_COMPLETED" />
142-->src\main\AndroidManifest.xml:129:17-79
142-->src\main\AndroidManifest.xml:129:25-76
143            </intent-filter>
144        </receiver>
145        <receiver
145-->src\main\AndroidManifest.xml:133:9-136:20
146            android:name="net.micode.notes.ui.AlarmReceiver"
146-->src\main\AndroidManifest.xml:134:13-61
147            android:process=":remote" >
147-->src\main\AndroidManifest.xml:135:13-38
148        </receiver>
149
150        <activity
150-->src\main\AndroidManifest.xml:138:9-143:20
151            android:name="net.micode.notes.ui.AlarmAlertActivity"
151-->src\main\AndroidManifest.xml:139:13-50
152            android:label="@string/app_name"
152-->src\main\AndroidManifest.xml:140:13-45
153            android:launchMode="singleInstance"
153-->src\main\AndroidManifest.xml:141:13-48
154            android:theme="@android:style/Theme.Holo.Wallpaper.NoTitleBar" >
154-->src\main\AndroidManifest.xml:142:13-75
155        </activity>
156        <activity
156-->src\main\AndroidManifest.xml:145:9-150:20
157            android:name="net.micode.notes.ui.NotesPreferenceActivity"
157-->src\main\AndroidManifest.xml:146:13-71
158            android:label="@string/preferences_title"
158-->src\main\AndroidManifest.xml:147:13-54
159            android:launchMode="singleTop"
159-->src\main\AndroidManifest.xml:148:13-43
160            android:theme="@android:style/Theme.Holo.Light" >
160-->src\main\AndroidManifest.xml:149:13-60
161        </activity>
162
163        <service
163-->src\main\AndroidManifest.xml:152:9-155:19
164            android:name="net.micode.notes.gtask.remote.GTaskSyncService"
164-->src\main\AndroidManifest.xml:153:13-74
165            android:exported="false" >
165-->src\main\AndroidManifest.xml:154:13-37
166        </service>
167
168        <meta-data
168-->src\main\AndroidManifest.xml:157:9-159:52
169            android:name="android.app.default_searchable"
169-->src\main\AndroidManifest.xml:158:13-58
170            android:value=".ui.NoteEditActivity" />
170-->src\main\AndroidManifest.xml:159:13-49
171    </application>
172
173</manifest>